Using pre-set license
Built from '2021.3/staging' branch; Version is '2021.3.16f1 (4016570cf34f) revision 4200023'; Using compiler version '192829333'; Build Type 'Release'
OS: 'Windows 10  (10.0.19045) 64bit Professional' Language: 'en' Physical Memory: 16185 MB
BatchMode: 1, IsHumanControllingUs: 0, StartBugReporterOnCrash: 0, Is64bit: 1, IsPro: 1

COMMAND LINE ARGUMENTS:
C:\Users\aristo\Documents\Unity All Projects\2021.3.16f1\Editor\Unity.exe
-adb2
-batchMode
-noUpm
-name
AssetImportWorker5
-projectPath
C:/Users/aristo/Desktop/UnityGames/water-game-repo/Runner
-logFile
Logs/AssetImportWorker5.log
-srvPort
57808
Successfully changed project path to: C:/Users/aristo/Desktop/UnityGames/water-game-repo/Runner
C:/Users/aristo/Desktop/UnityGames/water-game-repo/Runner
[UnityMemory] Configuration Parameters - Can be set up in boot.config
    "memorysetup-bucket-allocator-granularity=16"
    "memorysetup-bucket-allocator-bucket-count=8"
    "memorysetup-bucket-allocator-block-size=33554432"
    "memorysetup-bucket-allocator-block-count=8"
    "memorysetup-main-allocator-block-size=16777216"
    "memorysetup-thread-allocator-block-size=16777216"
    "memorysetup-gfx-main-allocator-block-size=16777216"
    "memorysetup-gfx-thread-allocator-block-size=16777216"
    "memorysetup-cache-allocator-block-size=4194304"
    "memorysetup-typetree-allocator-block-size=2097152"
    "memorysetup-profiler-bucket-allocator-granularity=16"
    "memorysetup-profiler-bucket-allocator-bucket-count=8"
    "memorysetup-profiler-bucket-allocator-block-size=33554432"
    "memorysetup-profiler-bucket-allocator-block-count=8"
    "memorysetup-profiler-allocator-block-size=16777216"
    "memorysetup-profiler-editor-allocator-block-size=1048576"
    "memorysetup-temp-allocator-size-main=16777216"
    "memorysetup-job-temp-allocator-block-size=2097152"
    "memorysetup-job-temp-allocator-block-size-background=1048576"
    "memorysetup-job-temp-allocator-reduction-small-platforms=262144"
    "memorysetup-temp-allocator-size-background-worker=32768"
    "memorysetup-temp-allocator-size-job-worker=262144"
    "memorysetup-temp-allocator-size-preload-manager=33554432"
    "memorysetup-temp-allocator-size-nav-mesh-worker=65536"
    "memorysetup-temp-allocator-size-audio-worker=65536"
    "memorysetup-temp-allocator-size-cloud-worker=32768"
    "memorysetup-temp-allocator-size-gi-baking-worker=262144"
    "memorysetup-temp-allocator-size-gfx=262144"
Player connection [17488] Host "[IP] 192.168.1.35 [Port] 0 [Flags] 2 [Guid] 2256045552 [EditorId] 2256045552 [Version] 1048832 [Id] WindowsEditor(7,DESKTOP-P5AC8NT) [Debug] 1 [PackageName] WindowsEditor [ProjectName] Editor" joined multi-casting on [225.0.0.222:54997]...

Player connection [17488] Host "[IP] 192.168.1.35 [Port] 0 [Flags] 2 [Guid] 2256045552 [EditorId] 2256045552 [Version] 1048832 [Id] WindowsEditor(7,DESKTOP-P5AC8NT) [Debug] 1 [PackageName] WindowsEditor [ProjectName] Editor" joined alternative multi-casting on [225.0.0.222:34997]...

Refreshing native plugins compatible for Editor in 160.97 ms, found 3 plugins.
Preloading 0 native plugins for Editor in 0.00 ms.
Initialize engine version: 2021.3.16f1 (4016570cf34f)
[Subsystems] Discovering subsystems at path C:/Users/aristo/Documents/Unity All Projects/2021.3.16f1/Editor/Data/Resources/UnitySubsystems
[Subsystems] Discovering subsystems at path C:/Users/aristo/Desktop/UnityGames/water-game-repo/Runner/Assets
GfxDevice: creating device client; threaded=0; jobified=0
Direct3D:
    Version:  Direct3D 11.0 [level 11.1]
    Renderer: NVIDIA GeForce GTX 1650 Ti (ID=0x1f95)
    Vendor:   NVIDIA
    VRAM:     3949 MB
    Driver:   31.0.15.3168
Initialize mono
Mono path[0] = 'C:/Users/aristo/Documents/Unity All Projects/2021.3.16f1/Editor/Data/Managed'
Mono path[1] = 'C:/Users/aristo/Documents/Unity All Projects/2021.3.16f1/Editor/Data/MonoBleedingEdge/lib/mono/unityjit-win32'
Mono config path = 'C:/Users/aristo/Documents/Unity All Projects/2021.3.16f1/Editor/Data/MonoBleedingEdge/etc'
Using monoOptions --debugger-agent=transport=dt_socket,embedding=1,server=y,suspend=n,address=127.0.0.1:56328
Begin MonoManager ReloadAssembly
Registering precompiled unity dll's ...
Register platform support module: C:/Users/aristo/Documents/Unity All Projects/2021.3.16f1/Editor/Data/PlaybackEngines/WebGLSupport/UnityEditor.WebGL.Extensions.dll
Register platform support module: C:/Users/aristo/Documents/Unity All Projects/2021.3.16f1/Editor/Data/PlaybackEngines/AndroidPlayer/UnityEditor.Android.Extensions.dll
Register platform support module: C:/Users/aristo/Documents/Unity All Projects/2021.3.16f1/Editor/Data/PlaybackEngines/iOSSupport/UnityEditor.iOS.Extensions.dll
Register platform support module: C:/Users/aristo/Documents/Unity All Projects/2021.3.16f1/Editor/Data/PlaybackEngines/WindowsStandaloneSupport/UnityEditor.WindowsStandalone.Extensions.dll
Registered in 0.013020 seconds.
Native extension for WindowsStandalone target not found
[usbmuxd] Start listen thread
[usbmuxd] Listen thread started
Native extension for iOS target not found
Native extension for Android target not found
Native extension for WebGL target not found
Refreshing native plugins compatible for Editor in 129.12 ms, found 3 plugins.
Preloading 0 native plugins for Editor in 0.00 ms.
Mono: successfully reloaded assembly
- Completed reload, in  0.768 seconds
Domain Reload Profiling:
	ReloadAssembly (769ms)
		BeginReloadAssembly (87ms)
			ExecutionOrderSort (0ms)
			DisableScriptedObjects (0ms)
			BackupInstance (0ms)
			ReleaseScriptingObjects (0ms)
			CreateAndSetChildDomain (1ms)
		EndReloadAssembly (552ms)
			LoadAssemblies (83ms)
			RebuildTransferFunctionScriptingTraits (0ms)
			SetupTypeCache (142ms)
			ReleaseScriptCaches (0ms)
			RebuildScriptCaches (29ms)
			SetupLoadedEditorAssemblies (323ms)
				LogAssemblyErrors (0ms)
				InitializePlatformSupportModulesInManaged (66ms)
				SetLoadedEditorAssemblies (0ms)
				RefreshPlugins (129ms)
				BeforeProcessingInitializeOnLoad (1ms)
				ProcessInitializeOnLoadAttributes (88ms)
				ProcessInitializeOnLoadMethodAttributes (39ms)
				AfterProcessingInitializeOnLoad (0ms)
				EditorAssembliesLoaded (0ms)
			ExecutionOrderSort2 (0ms)
			AwakeInstancesAfterBackupRestoration (0ms)
Platform modules already initialized, skipping
Registering precompiled user dll's ...
Registered in 0.008578 seconds.
Begin MonoManager ReloadAssembly
Symbol file LoadedFromMemory doesn't match image C:\Users\aristo\Desktop\UnityGames\water-game-repo\Runner\Library\PackageCache\com.unity.visualscripting@1.7.8\Editor\VisualScripting.Core\Dependencies\DotNetZip\Unity.VisualScripting.IonicZip.dll
Symbol file LoadedFromMemory doesn't match image C:\Users\aristo\Desktop\UnityGames\water-game-repo\Runner\Library\PackageCache\com.unity.visualscripting@1.7.8\Editor\VisualScripting.Core\Dependencies\YamlDotNet\Unity.VisualScripting.YamlDotNet.dll
Native extension for WindowsStandalone target not found
Native extension for iOS target not found
Native extension for Android target not found
Native extension for WebGL target not found
Refreshing native plugins compatible for Editor in 128.09 ms, found 3 plugins.
Preloading 0 native plugins for Editor in 0.00 ms.
Mono: successfully reloaded assembly
- Completed reload, in  1.498 seconds
Domain Reload Profiling:
	ReloadAssembly (1499ms)
		BeginReloadAssembly (221ms)
			ExecutionOrderSort (0ms)
			DisableScriptedObjects (9ms)
			BackupInstance (0ms)
			ReleaseScriptingObjects (0ms)
			CreateAndSetChildDomain (131ms)
		EndReloadAssembly (1167ms)
			LoadAssemblies (91ms)
			RebuildTransferFunctionScriptingTraits (0ms)
			SetupTypeCache (317ms)
			ReleaseScriptCaches (1ms)
			RebuildScriptCaches (63ms)
			SetupLoadedEditorAssemblies (656ms)
				LogAssemblyErrors (0ms)
				InitializePlatformSupportModulesInManaged (23ms)
				SetLoadedEditorAssemblies (0ms)
				RefreshPlugins (128ms)
				BeforeProcessingInitializeOnLoad (116ms)
				ProcessInitializeOnLoadAttributes (301ms)
				ProcessInitializeOnLoadMethodAttributes (80ms)
				AfterProcessingInitializeOnLoad (9ms)
				EditorAssembliesLoaded (0ms)
			ExecutionOrderSort2 (0ms)
			AwakeInstancesAfterBackupRestoration (6ms)
Platform modules already initialized, skipping
========================================================================
Worker process is ready to serve import requests
Launched and connected shader compiler UnityShaderCompiler.exe after 0.04 seconds
Refreshing native plugins compatible for Editor in 1.15 ms, found 3 plugins.
Preloading 0 native plugins for Editor in 0.00 ms.
Unloading 5806 Unused Serialized files (Serialized files now loaded: 0)
Unloading 67 unused Assets / (0.8 MB). Loaded Objects now: 6235.
Memory consumption went from 226.5 MB to 225.7 MB.
Total: 4.803400 ms (FindLiveObjects: 0.526400 ms CreateObjectMapping: 0.577600 ms MarkObjects: 3.264500 ms  DeleteObjects: 0.434100 ms)

AssetImportParameters requested are different than current active one (requested -> active):
  custom:video-decoder-ogg-theora: a1e56fd34408186e4bbccfd4996cb3dc -> 
  custom:container-muxer-webm: aa71ff27fc2769a1b78a27578f13a17b -> 
  custom:container-demuxer-webm: 4f35f7cbe854078d1ac9338744f61a02 -> 
  custom:video-encoder-webm-vp8: eb34c28f22e8b96e1ab97ce403110664 -> 
  custom:audio-encoder-webm-vorbis: bf7c407c2cedff20999df2af8eb42d56 -> 
  custom:framework-win-MediaFoundation: 216162199b28c13a410421893ffa2e32 -> 
  custom:container-demuxer-ogg: 62fdf1f143b41e24485cea50d1cbac27 -> 
  custom:video-decoder-webm-vp8: 9c59270c3fd7afecdb556c50c9e8de78 -> 
  custom:audio-decoder-ogg-vorbis: bf7c407c2cedff20999df2af8eb42d56 -> 
========================================================================
Received Import Request.
  Time since last request: 463543.375158 seconds.
  path: Assets/Runner/Environment/Prefabs/Spawnables/Collectable_Coin.prefab
  artifactKey: Guid(7a5b6c820c7fd4280a780ff9470a7d84) Importer(815301076,1909f56bfc062723c751e8b465ee728b)
Start importing Assets/Runner/Environment/Prefabs/Spawnables/Collectable_Coin.prefab using Guid(7a5b6c820c7fd4280a780ff9470a7d84) Importer(815301076,1909f56bfc062723c751e8b465ee728b)  -> (artifact id: '0c439d0916f2925d465c95b8312b0d37') in 0.273114 seconds 
========================================================================
Received Prepare
Registering precompiled user dll's ...
Registered in 0.007235 seconds.
Begin MonoManager ReloadAssembly
Symbol file LoadedFromMemory doesn't match image C:\Users\aristo\Desktop\UnityGames\water-game-repo\Runner\Library\PackageCache\com.unity.visualscripting@1.7.8\Editor\VisualScripting.Core\Dependencies\DotNetZip\Unity.VisualScripting.IonicZip.dll
Symbol file LoadedFromMemory doesn't match image C:\Users\aristo\Desktop\UnityGames\water-game-repo\Runner\Library\PackageCache\com.unity.visualscripting@1.7.8\Editor\VisualScripting.Core\Dependencies\YamlDotNet\Unity.VisualScripting.YamlDotNet.dll
Native extension for WindowsStandalone target not found
Native extension for iOS target not found
Native extension for Android target not found
Native extension for WebGL target not found
Refreshing native plugins compatible for Editor in 1.11 ms, found 3 plugins.
Preloading 0 native plugins for Editor in 0.00 ms.
Mono: successfully reloaded assembly
- Completed reload, in  1.359 seconds
Domain Reload Profiling:
	ReloadAssembly (1360ms)
		BeginReloadAssembly (152ms)
			ExecutionOrderSort (0ms)
			DisableScriptedObjects (7ms)
			BackupInstance (0ms)
			ReleaseScriptingObjects (0ms)
			CreateAndSetChildDomain (46ms)
		EndReloadAssembly (1105ms)
			LoadAssemblies (95ms)
			RebuildTransferFunctionScriptingTraits (0ms)
			SetupTypeCache (333ms)
			ReleaseScriptCaches (2ms)
			RebuildScriptCaches (65ms)
			SetupLoadedEditorAssemblies (486ms)
				LogAssemblyErrors (0ms)
				InitializePlatformSupportModulesInManaged (31ms)
				SetLoadedEditorAssemblies (0ms)
				RefreshPlugins (1ms)
				BeforeProcessingInitializeOnLoad (92ms)
				ProcessInitializeOnLoadAttributes (268ms)
				ProcessInitializeOnLoadMethodAttributes (80ms)
				AfterProcessingInitializeOnLoad (13ms)
				EditorAssembliesLoaded (1ms)
			ExecutionOrderSort2 (0ms)
			AwakeInstancesAfterBackupRestoration (19ms)
Platform modules already initialized, skipping
Refreshing native plugins compatible for Editor in 5.07 ms, found 3 plugins.
Preloading 0 native plugins for Editor in 0.00 ms.
Unloading 5681 Unused Serialized files (Serialized files now loaded: 0)
Unloading 58 unused Assets / (0.7 MB). Loaded Objects now: 6292.
Memory consumption went from 227.9 MB to 227.1 MB.
Total: 4.469600 ms (FindLiveObjects: 0.599600 ms CreateObjectMapping: 0.420100 ms MarkObjects: 3.098200 ms  DeleteObjects: 0.351000 ms)

AssetImportParameters requested are different than current active one (requested -> active):
  custom:video-decoder-ogg-theora: a1e56fd34408186e4bbccfd4996cb3dc -> 
  custom:container-muxer-webm: aa71ff27fc2769a1b78a27578f13a17b -> 
  custom:container-demuxer-webm: 4f35f7cbe854078d1ac9338744f61a02 -> 
  custom:video-encoder-webm-vp8: eb34c28f22e8b96e1ab97ce403110664 -> 
  custom:audio-encoder-webm-vorbis: bf7c407c2cedff20999df2af8eb42d56 -> 
  custom:framework-win-MediaFoundation: 216162199b28c13a410421893ffa2e32 -> 
  custom:container-demuxer-ogg: 62fdf1f143b41e24485cea50d1cbac27 -> 
  custom:video-decoder-webm-vp8: 9c59270c3fd7afecdb556c50c9e8de78 -> 
  custom:audio-decoder-ogg-vorbis: bf7c407c2cedff20999df2af8eb42d56 -> 
========================================================================
Received Prepare
Registering precompiled user dll's ...
Registered in 0.008312 seconds.
Begin MonoManager ReloadAssembly
Symbol file LoadedFromMemory doesn't match image C:\Users\aristo\Desktop\UnityGames\water-game-repo\Runner\Library\PackageCache\com.unity.visualscripting@1.7.8\Editor\VisualScripting.Core\Dependencies\DotNetZip\Unity.VisualScripting.IonicZip.dll
Symbol file LoadedFromMemory doesn't match image C:\Users\aristo\Desktop\UnityGames\water-game-repo\Runner\Library\PackageCache\com.unity.visualscripting@1.7.8\Editor\VisualScripting.Core\Dependencies\YamlDotNet\Unity.VisualScripting.YamlDotNet.dll
Native extension for WindowsStandalone target not found
Native extension for iOS target not found
Native extension for Android target not found
Native extension for WebGL target not found
Refreshing native plugins compatible for Editor in 1.10 ms, found 3 plugins.
Preloading 0 native plugins for Editor in 0.00 ms.
Mono: successfully reloaded assembly
- Completed reload, in  1.329 seconds
Domain Reload Profiling:
	ReloadAssembly (1330ms)
		BeginReloadAssembly (142ms)
			ExecutionOrderSort (0ms)
			DisableScriptedObjects (5ms)
			BackupInstance (0ms)
			ReleaseScriptingObjects (0ms)
			CreateAndSetChildDomain (39ms)
		EndReloadAssembly (1079ms)
			LoadAssemblies (97ms)
			RebuildTransferFunctionScriptingTraits (0ms)
			SetupTypeCache (308ms)
			ReleaseScriptCaches (2ms)
			RebuildScriptCaches (48ms)
			SetupLoadedEditorAssemblies (547ms)
				LogAssemblyErrors (0ms)
				InitializePlatformSupportModulesInManaged (44ms)
				SetLoadedEditorAssemblies (0ms)
				RefreshPlugins (1ms)
				BeforeProcessingInitializeOnLoad (139ms)
				ProcessInitializeOnLoadAttributes (269ms)
				ProcessInitializeOnLoadMethodAttributes (84ms)
				AfterProcessingInitializeOnLoad (8ms)
				EditorAssembliesLoaded (0ms)
			ExecutionOrderSort2 (0ms)
			AwakeInstancesAfterBackupRestoration (12ms)
Platform modules already initialized, skipping
Refreshing native plugins compatible for Editor in 9.59 ms, found 3 plugins.
Preloading 0 native plugins for Editor in 0.00 ms.
Unloading 5682 Unused Serialized files (Serialized files now loaded: 0)
Unloading 58 unused Assets / (0.7 MB). Loaded Objects now: 6295.
Memory consumption went from 227.9 MB to 227.2 MB.
Total: 5.237000 ms (FindLiveObjects: 0.566000 ms CreateObjectMapping: 0.502400 ms MarkObjects: 3.720900 ms  DeleteObjects: 0.445700 ms)

AssetImportParameters requested are different than current active one (requested -> active):
  custom:video-decoder-ogg-theora: a1e56fd34408186e4bbccfd4996cb3dc -> 
  custom:container-muxer-webm: aa71ff27fc2769a1b78a27578f13a17b -> 
  custom:container-demuxer-webm: 4f35f7cbe854078d1ac9338744f61a02 -> 
  custom:video-encoder-webm-vp8: eb34c28f22e8b96e1ab97ce403110664 -> 
  custom:audio-encoder-webm-vorbis: bf7c407c2cedff20999df2af8eb42d56 -> 
  custom:framework-win-MediaFoundation: 216162199b28c13a410421893ffa2e32 -> 
  custom:container-demuxer-ogg: 62fdf1f143b41e24485cea50d1cbac27 -> 
  custom:video-decoder-webm-vp8: 9c59270c3fd7afecdb556c50c9e8de78 -> 
  custom:audio-decoder-ogg-vorbis: bf7c407c2cedff20999df2af8eb42d56 -> 
========================================================================
Received Prepare
Registering precompiled user dll's ...
Registered in 0.009206 seconds.
Begin MonoManager ReloadAssembly
Symbol file LoadedFromMemory doesn't match image C:\Users\aristo\Desktop\UnityGames\water-game-repo\Runner\Library\PackageCache\com.unity.visualscripting@1.7.8\Editor\VisualScripting.Core\Dependencies\DotNetZip\Unity.VisualScripting.IonicZip.dll
Symbol file LoadedFromMemory doesn't match image C:\Users\aristo\Desktop\UnityGames\water-game-repo\Runner\Library\PackageCache\com.unity.visualscripting@1.7.8\Editor\VisualScripting.Core\Dependencies\YamlDotNet\Unity.VisualScripting.YamlDotNet.dll
Native extension for WindowsStandalone target not found
Native extension for iOS target not found
Native extension for Android target not found
Native extension for WebGL target not found
Refreshing native plugins compatible for Editor in 1.17 ms, found 3 plugins.
Preloading 0 native plugins for Editor in 0.00 ms.
Mono: successfully reloaded assembly
- Completed reload, in  1.380 seconds
Domain Reload Profiling:
	ReloadAssembly (1381ms)
		BeginReloadAssembly (142ms)
			ExecutionOrderSort (0ms)
			DisableScriptedObjects (5ms)
			BackupInstance (0ms)
			ReleaseScriptingObjects (0ms)
			CreateAndSetChildDomain (43ms)
		EndReloadAssembly (1120ms)
			LoadAssemblies (98ms)
			RebuildTransferFunctionScriptingTraits (0ms)
			SetupTypeCache (322ms)
			ReleaseScriptCaches (3ms)
			RebuildScriptCaches (48ms)
			SetupLoadedEditorAssemblies (557ms)
				LogAssemblyErrors (0ms)
				InitializePlatformSupportModulesInManaged (40ms)
				SetLoadedEditorAssemblies (0ms)
				RefreshPlugins (1ms)
				BeforeProcessingInitializeOnLoad (106ms)
				ProcessInitializeOnLoadAttributes (310ms)
				ProcessInitializeOnLoadMethodAttributes (90ms)
				AfterProcessingInitializeOnLoad (9ms)
				EditorAssembliesLoaded (0ms)
			ExecutionOrderSort2 (0ms)
			AwakeInstancesAfterBackupRestoration (12ms)
Platform modules already initialized, skipping
Refreshing native plugins compatible for Editor in 4.43 ms, found 3 plugins.
Preloading 0 native plugins for Editor in 0.00 ms.
Unloading 5682 Unused Serialized files (Serialized files now loaded: 0)
Unloading 58 unused Assets / (0.7 MB). Loaded Objects now: 6298.
Memory consumption went from 227.9 MB to 227.2 MB.
Total: 4.257900 ms (FindLiveObjects: 0.407200 ms CreateObjectMapping: 0.384700 ms MarkObjects: 3.103700 ms  DeleteObjects: 0.361700 ms)

AssetImportParameters requested are different than current active one (requested -> active):
  custom:video-decoder-ogg-theora: a1e56fd34408186e4bbccfd4996cb3dc -> 
  custom:container-muxer-webm: aa71ff27fc2769a1b78a27578f13a17b -> 
  custom:container-demuxer-webm: 4f35f7cbe854078d1ac9338744f61a02 -> 
  custom:video-encoder-webm-vp8: eb34c28f22e8b96e1ab97ce403110664 -> 
  custom:audio-encoder-webm-vorbis: bf7c407c2cedff20999df2af8eb42d56 -> 
  custom:framework-win-MediaFoundation: 216162199b28c13a410421893ffa2e32 -> 
  custom:container-demuxer-ogg: 62fdf1f143b41e24485cea50d1cbac27 -> 
  custom:video-decoder-webm-vp8: 9c59270c3fd7afecdb556c50c9e8de78 -> 
  custom:audio-decoder-ogg-vorbis: bf7c407c2cedff20999df2af8eb42d56 -> 
========================================================================
Received Import Request.
  Time since last request: 409.851352 seconds.
  path: Assets/MyAssets/Materails/cloud.mat
  artifactKey: Guid(7f174f5498bb44348acfdfbac13bfe34) Importer(815301076,1909f56bfc062723c751e8b465ee728b)
Start importing Assets/MyAssets/Materails/cloud.mat using Guid(7f174f5498bb44348acfdfbac13bfe34) Importer(815301076,1909f56bfc062723c751e8b465ee728b)  -> (artifact id: '93a3e3c2831692a160d8eb0983c406ee') in 0.223319 seconds 
========================================================================
Received Import Request.
  Time since last request: 0.000024 seconds.
  path: Assets/Plugins/VarietyParticles/Prefabs/Smoke/Looping/SmokeCloudySmall.prefab
  artifactKey: Guid(040ee338e1245874caf8651bf248e8d2) Importer(815301076,1909f56bfc062723c751e8b465ee728b)
Start importing Assets/Plugins/VarietyParticles/Prefabs/Smoke/Looping/SmokeCloudySmall.prefab using Guid(040ee338e1245874caf8651bf248e8d2) Importer(815301076,1909f56bfc062723c751e8b465ee728b)  -> (artifact id: 'f40cbeac03f72205bbdf6c63fe5e7637') in 0.055786 seconds 
========================================================================
Received Import Request.
  Time since last request: 0.000044 seconds.
  path: Assets/Plugins/VarietyParticles/Prefabs/Clouds/CloudsDark.prefab
  artifactKey: Guid(6da8b772050b9a3469c080014bb2d5cc) Importer(815301076,1909f56bfc062723c751e8b465ee728b)
Start importing Assets/Plugins/VarietyParticles/Prefabs/Clouds/CloudsDark.prefab using Guid(6da8b772050b9a3469c080014bb2d5cc) Importer(815301076,1909f56bfc062723c751e8b465ee728b)  -> (artifact id: '76f96ef3e6720fc0a2893a5d1c4f0b31') in 0.040271 seconds 
========================================================================
Received Import Request.
  Time since last request: 0.000023 seconds.
  path: Assets/Plugins/VarietyParticles/Prefabs/Clouds/CloudsThick.prefab
  artifactKey: Guid(332d485ce12ff7c43999425694f6b5fa) Importer(815301076,1909f56bfc062723c751e8b465ee728b)
Start importing Assets/Plugins/VarietyParticles/Prefabs/Clouds/CloudsThick.prefab using Guid(332d485ce12ff7c43999425694f6b5fa) Importer(815301076,1909f56bfc062723c751e8b465ee728b)  -> (artifact id: '66d3e59afeacde0df5ce0d252fb65239') in 0.032823 seconds 
========================================================================
Received Import Request.
  Time since last request: 0.000023 seconds.
  path: Assets/Plugins/VarietyParticles/Prefabs/Clouds/CloudsClear.prefab
  artifactKey: Guid(90a162e9d8f6e554d805bb7abec25688) Importer(815301076,1909f56bfc062723c751e8b465ee728b)
Start importing Assets/Plugins/VarietyParticles/Prefabs/Clouds/CloudsClear.prefab using Guid(90a162e9d8f6e554d805bb7abec25688) Importer(815301076,1909f56bfc062723c751e8b465ee728b)  -> (artifact id: 'ece10433d1e0f155aa3a50cee43d24a7') in 0.034111 seconds 
========================================================================
Received Import Request.
  Time since last request: 0.000030 seconds.
  path: Assets/Plugins/VarietyParticles/Prefabs/Steam/SteamCloudyLarge.prefab
  artifactKey: Guid(325f60d3e838df94d9571fd86a757a13) Importer(815301076,1909f56bfc062723c751e8b465ee728b)
Start importing Assets/Plugins/VarietyParticles/Prefabs/Steam/SteamCloudyLarge.prefab using Guid(325f60d3e838df94d9571fd86a757a13) Importer(815301076,1909f56bfc062723c751e8b465ee728b)  -> (artifact id: '70514d0aee250d6a00547a25c0b4fa70') in 0.028340 seconds 
========================================================================
Received Import Request.
  Time since last request: 0.000023 seconds.
  path: Assets/Plugins/VarietyParticles/Prefabs/Smoke/Oneshots/SmokeCloudyPuff.prefab
  artifactKey: Guid(e997008e35a11c34da8c172252178fe2) Importer(815301076,1909f56bfc062723c751e8b465ee728b)
Start importing Assets/Plugins/VarietyParticles/Prefabs/Smoke/Oneshots/SmokeCloudyPuff.prefab using Guid(e997008e35a11c34da8c172252178fe2) Importer(815301076,1909f56bfc062723c751e8b465ee728b)  -> (artifact id: 'a4fbb643d2db4e6b9c78c4db5867ad25') in 0.033334 seconds 
========================================================================
Received Import Request.
  Time since last request: 0.000032 seconds.
  path: Assets/Plugins/VarietyParticles/Prefabs/Steam/SteamCloudySmall.prefab
  artifactKey: Guid(d76871f5828425043ad1d27b7969d441) Importer(815301076,1909f56bfc062723c751e8b465ee728b)
Start importing Assets/Plugins/VarietyParticles/Prefabs/Steam/SteamCloudySmall.prefab using Guid(d76871f5828425043ad1d27b7969d441) Importer(815301076,1909f56bfc062723c751e8b465ee728b)  -> (artifact id: 'dd2b856f0689e0c1846fa9742b8d8d34') in 0.032180 seconds 
========================================================================
Received Import Request.
  Time since last request: 0.000034 seconds.
  path: Assets/Plugins/VarietyParticles/Prefabs/Smoke/Looping/SmokeCloudyLarge.prefab
  artifactKey: Guid(305d93ec00624804d8d7409cdbc50fef) Importer(815301076,1909f56bfc062723c751e8b465ee728b)
Start importing Assets/Plugins/VarietyParticles/Prefabs/Smoke/Looping/SmokeCloudyLarge.prefab using Guid(305d93ec00624804d8d7409cdbc50fef) Importer(815301076,1909f56bfc062723c751e8b465ee728b)  -> (artifact id: '648f6e39382b611ffee0933cd3c1c95f') in 0.033571 seconds 
========================================================================
Received Import Request.
  Time since last request: 0.000044 seconds.
  path: Assets/Plugins/VarietyParticles/Prefabs/Clouds/CloudsThunderBlink.prefab
  artifactKey: Guid(e7d7e63ae779f8841b4e021c00b07358) Importer(815301076,1909f56bfc062723c751e8b465ee728b)
Start importing Assets/Plugins/VarietyParticles/Prefabs/Clouds/CloudsThunderBlink.prefab using Guid(e7d7e63ae779f8841b4e021c00b07358) Importer(815301076,1909f56bfc062723c751e8b465ee728b)  -> (artifact id: '9faa3229917384ff3170dc649ba8ee3d') in 0.030926 seconds 
========================================================================
Received Import Request.
  Time since last request: 0.000027 seconds.
  path: Assets/Plugins/VarietyParticles/Prefabs/Clouds/CloudsLong.prefab
  artifactKey: Guid(3179537dca8bf744ab072b755c681c29) Importer(815301076,1909f56bfc062723c751e8b465ee728b)
Start importing Assets/Plugins/VarietyParticles/Prefabs/Clouds/CloudsLong.prefab using Guid(3179537dca8bf744ab072b755c681c29) Importer(815301076,1909f56bfc062723c751e8b465ee728b)  -> (artifact id: 'c86ed3071afc15133b553ac08ff30cab') in 0.033023 seconds 
========================================================================
Received Import Request.
  Time since last request: 33.244441 seconds.
  path: Assets/Plugins/VarietyParticles/Textures/Blood/blood_hit01_green.png
  artifactKey: Guid(e62f77389a9442248a98898a09eecf60) Importer(815301076,1909f56bfc062723c751e8b465ee728b)
Start importing Assets/Plugins/VarietyParticles/Textures/Blood/blood_hit01_green.png using Guid(e62f77389a9442248a98898a09eecf60) Importer(815301076,1909f56bfc062723c751e8b465ee728b)  -> (artifact id: '7ffffc245aa89b79aaf784fd45bb56de') in 0.031343 seconds 
========================================================================
Received Import Request.
  Time since last request: 0.000022 seconds.
  path: Assets/Plugins/VarietyParticles/Prefabs/Blood/Oneshot/BloodExplosionBig.prefab
  artifactKey: Guid(bcfffc82b3fe3a840b0c27868777d0db) Importer(815301076,1909f56bfc062723c751e8b465ee728b)
Start importing Assets/Plugins/VarietyParticles/Prefabs/Blood/Oneshot/BloodExplosionBig.prefab using Guid(bcfffc82b3fe3a840b0c27868777d0db) Importer(815301076,1909f56bfc062723c751e8b465ee728b)  -> (artifact id: '39f1010161500386c563d34f5119bb63') in 0.020729 seconds 
========================================================================
Received Import Request.
  Time since last request: 0.000024 seconds.
  path: Assets/Plugins/VarietyParticles/Prefabs/Blood/Looping/BloodSpraySmall.prefab
  artifactKey: Guid(34108ff16242452478c511059afe313a) Importer(815301076,1909f56bfc062723c751e8b465ee728b)
Start importing Assets/Plugins/VarietyParticles/Prefabs/Blood/Looping/BloodSpraySmall.prefab using Guid(34108ff16242452478c511059afe313a) Importer(815301076,1909f56bfc062723c751e8b465ee728b)  -> (artifact id: '28e03e338cb2197847bf15a48043ce20') in 0.018416 seconds 
========================================================================
Received Import Request.
  Time since last request: 0.000027 seconds.
  path: Assets/Plugins/VarietyParticles/Materials/Blood/BloodHitAdditive.mat
  artifactKey: Guid(26cdf9ce7228ea04d8e8c8ad4da44a01) Importer(815301076,1909f56bfc062723c751e8b465ee728b)
Start importing Assets/Plugins/VarietyParticles/Materials/Blood/BloodHitAdditive.mat using Guid(26cdf9ce7228ea04d8e8c8ad4da44a01) Importer(815301076,1909f56bfc062723c751e8b465ee728b)  -> (artifact id: '9b39f842cbec78968aeca38587ddd0b6') in 0.022658 seconds 
========================================================================
Received Import Request.
  Time since last request: 0.000030 seconds.
  path: Assets/Plugins/VarietyParticles/Prefabs/Fire/Combined/CombinedMediumFire02.prefab
  artifactKey: Guid(349c050116cf2604db6d4b431a7ddf60) Importer(815301076,1909f56bfc062723c751e8b465ee728b)
Start importing Assets/Plugins/VarietyParticles/Prefabs/Fire/Combined/CombinedMediumFire02.prefab using Guid(349c050116cf2604db6d4b431a7ddf60) Importer(815301076,1909f56bfc062723c751e8b465ee728b)  -> (artifact id: 'da4078a891bc65ad424f0be01636ebf7') in 0.076787 seconds 
========================================================================
Received Import Request.
  Time since last request: 0.000025 seconds.
  path: Assets/Plugins/VarietyParticles/Materials/Explosions/ExplosionBlue.mat
  artifactKey: Guid(453b4a89682091948ac0c554f11133b7) Importer(815301076,1909f56bfc062723c751e8b465ee728b)
Start importing Assets/Plugins/VarietyParticles/Materials/Explosions/ExplosionBlue.mat using Guid(453b4a89682091948ac0c554f11133b7) Importer(815301076,1909f56bfc062723c751e8b465ee728b)  -> (artifact id: '7f01adb0580a350e0f9c7d34f37fc48b') in 0.044501 seconds 
========================================================================
Received Import Request.
  Time since last request: 0.000025 seconds.
  path: Assets/Plugins/VarietyParticles/Prefabs/Fire/Combined/CombinedFireField.prefab
  artifactKey: Guid(494a8800686aabd479d6a8cb056559d9) Importer(815301076,1909f56bfc062723c751e8b465ee728b)
Start importing Assets/Plugins/VarietyParticles/Prefabs/Fire/Combined/CombinedFireField.prefab using Guid(494a8800686aabd479d6a8cb056559d9) Importer(815301076,1909f56bfc062723c751e8b465ee728b)  -> (artifact id: 'e3c00ffa3d920ab485a9f7311bc8af45') in 0.069916 seconds 
========================================================================
Received Import Request.
  Time since last request: 0.000029 seconds.
  path: Assets/Plugins/VarietyParticles/Prefabs/Blood/Looping/BloodSpray.prefab
  artifactKey: Guid(faf5968f2c6f4e9498b8cfa6a23256fd) Importer(815301076,1909f56bfc062723c751e8b465ee728b)
Start importing Assets/Plugins/VarietyParticles/Prefabs/Blood/Looping/BloodSpray.prefab using Guid(faf5968f2c6f4e9498b8cfa6a23256fd) Importer(815301076,1909f56bfc062723c751e8b465ee728b)  -> (artifact id: 'a20ac5241dd53136574602304f08b7e3') in 0.025864 seconds 
========================================================================
Received Import Request.
  Time since last request: 0.000058 seconds.
  path: Assets/Plugins/VarietyParticles/Prefabs/Underwater/BubblesBoilingStream.prefab
  artifactKey: Guid(87e53ea782e04c64ea9cf11e8588cb88) Importer(815301076,1909f56bfc062723c751e8b465ee728b)
Start importing Assets/Plugins/VarietyParticles/Prefabs/Underwater/BubblesBoilingStream.prefab using Guid(87e53ea782e04c64ea9cf11e8588cb88) Importer(815301076,1909f56bfc062723c751e8b465ee728b)  -> (artifact id: '51061331e9f5137df35711f9593c5613') in 0.027992 seconds 
========================================================================
Received Import Request.
  Time since last request: 0.000048 seconds.
  path: Assets/Editor/Tutorials/IET_Supersonic_Submission.png
  artifactKey: Guid(ef5a5ba5e25840a45bac4c0edbeeff5a) Importer(815301076,1909f56bfc062723c751e8b465ee728b)
Start importing Assets/Editor/Tutorials/IET_Supersonic_Submission.png using Guid(ef5a5ba5e25840a45bac4c0edbeeff5a) Importer(815301076,1909f56bfc062723c751e8b465ee728b)  -> (artifact id: 'deda54be7a3abbadff4fc49fdef65a5c') in 0.044158 seconds 
========================================================================
Received Import Request.
  Time since last request: 0.000029 seconds.
  path: Assets/Plugins/VarietyParticles/Prefabs/Underwater/BubblesUnderwater.prefab
  artifactKey: Guid(367bfb6f469a7734f88f6f94a1ad10b0) Importer(815301076,1909f56bfc062723c751e8b465ee728b)
Start importing Assets/Plugins/VarietyParticles/Prefabs/Underwater/BubblesUnderwater.prefab using Guid(367bfb6f469a7734f88f6f94a1ad10b0) Importer(815301076,1909f56bfc062723c751e8b465ee728b)  -> (artifact id: '6d007af33a6efdd7d152e2b380ca96ba') in 0.036249 seconds 
========================================================================
Received Import Request.
  Time since last request: 0.000024 seconds.
  path: Assets/Plugins/VarietyParticles/Prefabs/Fire/Combined/CombinedMediumFire01.prefab
  artifactKey: Guid(6ba2e0f4ca400904a84350e72b5a0d50) Importer(815301076,1909f56bfc062723c751e8b465ee728b)
Start importing Assets/Plugins/VarietyParticles/Prefabs/Fire/Combined/CombinedMediumFire01.prefab using Guid(6ba2e0f4ca400904a84350e72b5a0d50) Importer(815301076,1909f56bfc062723c751e8b465ee728b)  -> (artifact id: '20ed4604c282f445b97224c5a0b37ef1') in 0.047274 seconds 
========================================================================
Received Import Request.
  Time since last request: 0.000035 seconds.
  path: Assets/Plugins/VarietyParticles/Textures/Lava/iron_melted_globs_2x2.png
  artifactKey: Guid(75d899b14e8f28b46b5d3341fdd90a7f) Importer(815301076,1909f56bfc062723c751e8b465ee728b)
Start importing Assets/Plugins/VarietyParticles/Textures/Lava/iron_melted_globs_2x2.png using Guid(75d899b14e8f28b46b5d3341fdd90a7f) Importer(815301076,1909f56bfc062723c751e8b465ee728b)  -> (artifact id: '5322d5ac71c92855a6a8a3df97fd00f5') in 0.023231 seconds 
========================================================================
Received Import Request.
  Time since last request: 0.000049 seconds.
  path: Assets/Plugins/VarietyParticles/Textures/Weather/rain_spray_billboard.png
  artifactKey: Guid(31257ad84c8a6444d922056c1efa3368) Importer(815301076,1909f56bfc062723c751e8b465ee728b)
Start importing Assets/Plugins/VarietyParticles/Textures/Weather/rain_spray_billboard.png using Guid(31257ad84c8a6444d922056c1efa3368) Importer(815301076,1909f56bfc062723c751e8b465ee728b)  -> (artifact id: '039b2876414a832909be2691cccd67c3') in 0.023154 seconds 
========================================================================
Received Import Request.
  Time since last request: 0.000046 seconds.
  path: Assets/Plugins/VarietyParticles/Materials/Lava/LavaBubble.mat
  artifactKey: Guid(41876a2fe23d6e64ba2ad50791ff68ba) Importer(815301076,1909f56bfc062723c751e8b465ee728b)
Start importing Assets/Plugins/VarietyParticles/Materials/Lava/LavaBubble.mat using Guid(41876a2fe23d6e64ba2ad50791ff68ba) Importer(815301076,1909f56bfc062723c751e8b465ee728b)  -> (artifact id: 'bbd1c8f8efa557fb86f657454ee90b0f') in 0.085061 seconds 
========================================================================
Received Import Request.
  Time since last request: 0.000031 seconds.
  path: Assets/Plugins/VarietyParticles/Prefabs/Leaves/LeavesBlowingGreen.prefab
  artifactKey: Guid(4254bcde818db314cb5898352332b546) Importer(815301076,1909f56bfc062723c751e8b465ee728b)
Start importing Assets/Plugins/VarietyParticles/Prefabs/Leaves/LeavesBlowingGreen.prefab using Guid(4254bcde818db314cb5898352332b546) Importer(815301076,1909f56bfc062723c751e8b465ee728b)  -> (artifact id: '6f379dc6b77b8cdc332828e6952d9078') in 0.020944 seconds 
========================================================================
Received Import Request.
  Time since last request: 0.000046 seconds.
  path: Assets/Editor/Tutorials/Hypercasual_BestPractice.png
  artifactKey: Guid(79db104986097c54da0cf7646d74df17) Importer(815301076,1909f56bfc062723c751e8b465ee728b)
Start importing Assets/Editor/Tutorials/Hypercasual_BestPractice.png using Guid(79db104986097c54da0cf7646d74df17) Importer(815301076,1909f56bfc062723c751e8b465ee728b)  -> (artifact id: '2ac59a24a09231dd07c0b1e77007d72c') in 0.014915 seconds 
========================================================================
Received Import Request.
  Time since last request: 0.000033 seconds.
  path: Assets/Plugins/VarietyParticles/Prefabs/Fire/Combined/CombinedSmallFire02.prefab
  artifactKey: Guid(e64966fad886273469250fe60df2e729) Importer(815301076,1909f56bfc062723c751e8b465ee728b)
Start importing Assets/Plugins/VarietyParticles/Prefabs/Fire/Combined/CombinedSmallFire02.prefab using Guid(e64966fad886273469250fe60df2e729) Importer(815301076,1909f56bfc062723c751e8b465ee728b)  -> (artifact id: 'c68bf0c885b054d7afd734a456e7ef55') in 0.052981 seconds 
========================================================================
Received Import Request.
  Time since last request: 0.000032 seconds.
  path: Assets/Plugins/VarietyParticles/Prefabs/Fire/Misc/GasFireLineBlue.prefab
  artifactKey: Guid(68d1e7c0a5bd6ef468c93cff1f3d3904) Importer(815301076,1909f56bfc062723c751e8b465ee728b)
Start importing Assets/Plugins/VarietyParticles/Prefabs/Fire/Misc/GasFireLineBlue.prefab using Guid(68d1e7c0a5bd6ef468c93cff1f3d3904) Importer(815301076,1909f56bfc062723c751e8b465ee728b)  -> (artifact id: '01d79dc80d89e71c41a50b91bd319563') in 0.033751 seconds 
========================================================================
Received Import Request.
  Time since last request: 0.000049 seconds.
  path: Assets/Plugins/VarietyParticles/Prefabs/Fire/Combined/CombinedSmallFire01.prefab
  artifactKey: Guid(db926141f3b86a7488482f3a68f1be07) Importer(815301076,1909f56bfc062723c751e8b465ee728b)
Start importing Assets/Plugins/VarietyParticles/Prefabs/Fire/Combined/CombinedSmallFire01.prefab using Guid(db926141f3b86a7488482f3a68f1be07) Importer(815301076,1909f56bfc062723c751e8b465ee728b)  -> (artifact id: 'faa100cd0e7c2672f764b1a6edf30e76') in 0.057482 seconds 
========================================================================
Received Import Request.
  Time since last request: 0.000031 seconds.
  path: Assets/Plugins/VarietyParticles/Prefabs/Leaves/LeavesBlowingYellow.prefab
  artifactKey: Guid(989148abbd8e63841b17c5cd4d254a8c) Importer(815301076,1909f56bfc062723c751e8b465ee728b)
Start importing Assets/Plugins/VarietyParticles/Prefabs/Leaves/LeavesBlowingYellow.prefab using Guid(989148abbd8e63841b17c5cd4d254a8c) Importer(815301076,1909f56bfc062723c751e8b465ee728b)  -> (artifact id: 'f53a5bd6b5ae0dcd6ab989a402f52c0e') in 0.027662 seconds 
========================================================================
Received Import Request.
  Time since last request: 0.000045 seconds.
  path: Assets/Plugins/VarietyParticles/Materials/Blood/BloodHitGreen.mat
  artifactKey: Guid(4797654b6d81e4949bdcb8fe792c4b60) Importer(815301076,1909f56bfc062723c751e8b465ee728b)
Start importing Assets/Plugins/VarietyParticles/Materials/Blood/BloodHitGreen.mat using Guid(4797654b6d81e4949bdcb8fe792c4b60) Importer(815301076,1909f56bfc062723c751e8b465ee728b)  -> (artifact id: 'e30f506544fbc6af7bb3fb9f7c5543b6') in 0.028730 seconds 
========================================================================
Received Import Request.
  Time since last request: 0.000051 seconds.
  path: Assets/TextMesh Pro/Fonts/LiberationSans.ttf
  artifactKey: Guid(e3265ab4bf004d28a9537516768c1c75) Importer(815301076,1909f56bfc062723c751e8b465ee728b)
Start importing Assets/TextMesh Pro/Fonts/LiberationSans.ttf using Guid(e3265ab4bf004d28a9537516768c1c75) Importer(815301076,1909f56bfc062723c751e8b465ee728b)  -> (artifact id: 'b5a97203938a22c24092e21803f6a8ff') in 0.058318 seconds 
========================================================================
Received Import Request.
  Time since last request: 0.000078 seconds.
  path: Assets/Plugins/VarietyParticles/Materials/Fire/FireBlue.mat
  artifactKey: Guid(d5b2836e915566f44afcfa4cb187c64c) Importer(815301076,1909f56bfc062723c751e8b465ee728b)
Start importing Assets/Plugins/VarietyParticles/Materials/Fire/FireBlue.mat using Guid(d5b2836e915566f44afcfa4cb187c64c) Importer(815301076,1909f56bfc062723c751e8b465ee728b)  -> (artifact id: '8c7e4a67add158736452c9180abc1c67') in 0.041778 seconds 
========================================================================
Received Import Request.
  Time since last request: 0.000148 seconds.
  path: Assets/Plugins/VarietyParticles/Prefabs/Explosions/BlueExplosion.prefab
  artifactKey: Guid(310510affe9cd7f4cb5e11c68c39a5d7) Importer(815301076,1909f56bfc062723c751e8b465ee728b)
Start importing Assets/Plugins/VarietyParticles/Prefabs/Explosions/BlueExplosion.prefab using Guid(310510affe9cd7f4cb5e11c68c39a5d7) Importer(815301076,1909f56bfc062723c751e8b465ee728b)  -> (artifact id: 'aa7a666ea8751e3647cbc877286c8769') in 0.080255 seconds 
========================================================================
Received Import Request.
  Time since last request: 0.000030 seconds.
  path: Assets/Plugins/VarietyParticles/Prefabs/Fire/Combined/CombinedMediumFire03.prefab
  artifactKey: Guid(46399f0df2fc30c44aff27b180b759f5) Importer(815301076,1909f56bfc062723c751e8b465ee728b)
Start importing Assets/Plugins/VarietyParticles/Prefabs/Fire/Combined/CombinedMediumFire03.prefab using Guid(46399f0df2fc30c44aff27b180b759f5) Importer(815301076,1909f56bfc062723c751e8b465ee728b)  -> (artifact id: '511d99cc8a152fad9ff1acddd9c591f1') in 0.054367 seconds 
========================================================================
Received Import Request.
  Time since last request: 0.000041 seconds.
  path: Assets/Plugins/VarietyParticles/Materials/Flare/FlareBlue.mat
  artifactKey: Guid(65ed648349cedda4ba4a2d055c473491) Importer(815301076,1909f56bfc062723c751e8b465ee728b)
Start importing Assets/Plugins/VarietyParticles/Materials/Flare/FlareBlue.mat using Guid(65ed648349cedda4ba4a2d055c473491) Importer(815301076,1909f56bfc062723c751e8b465ee728b)  -> (artifact id: 'd41924f9ce1ee19328ce551083edcfeb') in 0.018503 seconds 
========================================================================
Received Prepare
Registering precompiled user dll's ...
Registered in 0.008970 seconds.
Begin MonoManager ReloadAssembly
Symbol file LoadedFromMemory doesn't match image C:\Users\aristo\Desktop\UnityGames\water-game-repo\Runner\Library\PackageCache\com.unity.visualscripting@1.7.8\Editor\VisualScripting.Core\Dependencies\DotNetZip\Unity.VisualScripting.IonicZip.dll
Symbol file LoadedFromMemory doesn't match image C:\Users\aristo\Desktop\UnityGames\water-game-repo\Runner\Library\PackageCache\com.unity.visualscripting@1.7.8\Editor\VisualScripting.Core\Dependencies\YamlDotNet\Unity.VisualScripting.YamlDotNet.dll
Native extension for WindowsStandalone target not found
Native extension for iOS target not found
Native extension for Android target not found
Native extension for WebGL target not found
Refreshing native plugins compatible for Editor in 1.38 ms, found 3 plugins.
Preloading 0 native plugins for Editor in 0.00 ms.
Mono: successfully reloaded assembly
- Completed reload, in  1.439 seconds
Domain Reload Profiling:
	ReloadAssembly (1439ms)
		BeginReloadAssembly (177ms)
			ExecutionOrderSort (0ms)
			DisableScriptedObjects (7ms)
			BackupInstance (0ms)
			ReleaseScriptingObjects (0ms)
			CreateAndSetChildDomain (47ms)
		EndReloadAssembly (1140ms)
			LoadAssemblies (120ms)
			RebuildTransferFunctionScriptingTraits (0ms)
			SetupTypeCache (371ms)
			ReleaseScriptCaches (2ms)
			RebuildScriptCaches (48ms)
			SetupLoadedEditorAssemblies (510ms)
				LogAssemblyErrors (0ms)
				InitializePlatformSupportModulesInManaged (45ms)
				SetLoadedEditorAssemblies (1ms)
				RefreshPlugins (1ms)
				BeforeProcessingInitializeOnLoad (97ms)
				ProcessInitializeOnLoadAttributes (275ms)
				ProcessInitializeOnLoadMethodAttributes (83ms)
				AfterProcessingInitializeOnLoad (8ms)
				EditorAssembliesLoaded (0ms)
			ExecutionOrderSort2 (0ms)
			AwakeInstancesAfterBackupRestoration (12ms)
Platform modules already initialized, skipping
Refreshing native plugins compatible for Editor in 5.17 ms, found 3 plugins.
Preloading 0 native plugins for Editor in 0.00 ms.
Unloading 5681 Unused Serialized files (Serialized files now loaded: 0)
Unloading 58 unused Assets / (0.7 MB). Loaded Objects now: 6384.
Memory consumption went from 229.9 MB to 229.1 MB.
Total: 4.559200 ms (FindLiveObjects: 0.507000 ms CreateObjectMapping: 0.600500 ms MarkObjects: 2.925000 ms  DeleteObjects: 0.523900 ms)

AssetImportParameters requested are different than current active one (requested -> active):
  custom:video-decoder-ogg-theora: a1e56fd34408186e4bbccfd4996cb3dc -> 
  custom:container-muxer-webm: aa71ff27fc2769a1b78a27578f13a17b -> 
  custom:container-demuxer-webm: 4f35f7cbe854078d1ac9338744f61a02 -> 
  custom:video-encoder-webm-vp8: eb34c28f22e8b96e1ab97ce403110664 -> 
  custom:audio-encoder-webm-vorbis: bf7c407c2cedff20999df2af8eb42d56 -> 
  custom:framework-win-MediaFoundation: 216162199b28c13a410421893ffa2e32 -> 
  custom:container-demuxer-ogg: 62fdf1f143b41e24485cea50d1cbac27 -> 
  custom:video-decoder-webm-vp8: 9c59270c3fd7afecdb556c50c9e8de78 -> 
  custom:audio-decoder-ogg-vorbis: bf7c407c2cedff20999df2af8eb42d56 -> 
