Using pre-set license
Built from '2021.3/staging' branch; Version is '2021.3.16f1 (4016570cf34f) revision 4200023'; Using compiler version '192829333'; Build Type 'Release'
OS: 'Windows 10  (10.0.19045) 64bit Professional' Language: 'en' Physical Memory: 16185 MB
BatchMode: 1, IsHumanControllingUs: 0, StartBugReporterOnCrash: 0, Is64bit: 1, IsPro: 1

COMMAND LINE ARGUMENTS:
C:\Users\aristo\Documents\Unity All Projects\2021.3.16f1\Editor\Unity.exe
-adb2
-batchMode
-noUpm
-name
AssetImportWorker4
-projectPath
C:/Users/aristo/Desktop/UnityGames/water-game-repo/Runner
-logFile
Logs/AssetImportWorker4.log
-srvPort
57808
Successfully changed project path to: C:/Users/aristo/Desktop/UnityGames/water-game-repo/Runner
C:/Users/aristo/Desktop/UnityGames/water-game-repo/Runner
[UnityMemory] Configuration Parameters - Can be set up in boot.config
    "memorysetup-bucket-allocator-granularity=16"
    "memorysetup-bucket-allocator-bucket-count=8"
    "memorysetup-bucket-allocator-block-size=33554432"
    "memorysetup-bucket-allocator-block-count=8"
    "memorysetup-main-allocator-block-size=16777216"
    "memorysetup-thread-allocator-block-size=16777216"
    "memorysetup-gfx-main-allocator-block-size=16777216"
    "memorysetup-gfx-thread-allocator-block-size=16777216"
    "memorysetup-cache-allocator-block-size=4194304"
    "memorysetup-typetree-allocator-block-size=2097152"
    "memorysetup-profiler-bucket-allocator-granularity=16"
    "memorysetup-profiler-bucket-allocator-bucket-count=8"
    "memorysetup-profiler-bucket-allocator-block-size=33554432"
    "memorysetup-profiler-bucket-allocator-block-count=8"
    "memorysetup-profiler-allocator-block-size=16777216"
    "memorysetup-profiler-editor-allocator-block-size=1048576"
    "memorysetup-temp-allocator-size-main=16777216"
    "memorysetup-job-temp-allocator-block-size=2097152"
    "memorysetup-job-temp-allocator-block-size-background=1048576"
    "memorysetup-job-temp-allocator-reduction-small-platforms=262144"
    "memorysetup-temp-allocator-size-background-worker=32768"
    "memorysetup-temp-allocator-size-job-worker=262144"
    "memorysetup-temp-allocator-size-preload-manager=33554432"
    "memorysetup-temp-allocator-size-nav-mesh-worker=65536"
    "memorysetup-temp-allocator-size-audio-worker=65536"
    "memorysetup-temp-allocator-size-cloud-worker=32768"
    "memorysetup-temp-allocator-size-gi-baking-worker=262144"
    "memorysetup-temp-allocator-size-gfx=262144"
Player connection [34220] Host "[IP] 192.168.1.35 [Port] 0 [Flags] 2 [Guid] 2760130506 [EditorId] 2760130506 [Version] 1048832 [Id] WindowsEditor(7,DESKTOP-P5AC8NT) [Debug] 1 [PackageName] WindowsEditor [ProjectName] Editor" joined multi-casting on [225.0.0.222:54997]...

Player connection [34220] Host "[IP] 192.168.1.35 [Port] 0 [Flags] 2 [Guid] 2760130506 [EditorId] 2760130506 [Version] 1048832 [Id] WindowsEditor(7,DESKTOP-P5AC8NT) [Debug] 1 [PackageName] WindowsEditor [ProjectName] Editor" joined alternative multi-casting on [225.0.0.222:34997]...

Refreshing native plugins compatible for Editor in 162.61 ms, found 3 plugins.
Preloading 0 native plugins for Editor in 0.00 ms.
Initialize engine version: 2021.3.16f1 (4016570cf34f)
[Subsystems] Discovering subsystems at path C:/Users/aristo/Documents/Unity All Projects/2021.3.16f1/Editor/Data/Resources/UnitySubsystems
[Subsystems] Discovering subsystems at path C:/Users/aristo/Desktop/UnityGames/water-game-repo/Runner/Assets
GfxDevice: creating device client; threaded=0; jobified=0
Direct3D:
    Version:  Direct3D 11.0 [level 11.1]
    Renderer: NVIDIA GeForce GTX 1650 Ti (ID=0x1f95)
    Vendor:   NVIDIA
    VRAM:     3949 MB
    Driver:   31.0.15.3168
Initialize mono
Mono path[0] = 'C:/Users/aristo/Documents/Unity All Projects/2021.3.16f1/Editor/Data/Managed'
Mono path[1] = 'C:/Users/aristo/Documents/Unity All Projects/2021.3.16f1/Editor/Data/MonoBleedingEdge/lib/mono/unityjit-win32'
Mono config path = 'C:/Users/aristo/Documents/Unity All Projects/2021.3.16f1/Editor/Data/MonoBleedingEdge/etc'
Using monoOptions --debugger-agent=transport=dt_socket,embedding=1,server=y,suspend=n,address=127.0.0.1:56092
Begin MonoManager ReloadAssembly
Registering precompiled unity dll's ...
Register platform support module: C:/Users/aristo/Documents/Unity All Projects/2021.3.16f1/Editor/Data/PlaybackEngines/WebGLSupport/UnityEditor.WebGL.Extensions.dll
Register platform support module: C:/Users/aristo/Documents/Unity All Projects/2021.3.16f1/Editor/Data/PlaybackEngines/AndroidPlayer/UnityEditor.Android.Extensions.dll
Register platform support module: C:/Users/aristo/Documents/Unity All Projects/2021.3.16f1/Editor/Data/PlaybackEngines/iOSSupport/UnityEditor.iOS.Extensions.dll
Register platform support module: C:/Users/aristo/Documents/Unity All Projects/2021.3.16f1/Editor/Data/PlaybackEngines/WindowsStandaloneSupport/UnityEditor.WindowsStandalone.Extensions.dll
Registered in 0.011470 seconds.
Native extension for WindowsStandalone target not found
[usbmuxd] Start listen thread
[usbmuxd] Listen thread started
Native extension for iOS target not found
Native extension for Android target not found
Native extension for WebGL target not found
Refreshing native plugins compatible for Editor in 154.66 ms, found 3 plugins.
Preloading 0 native plugins for Editor in 0.00 ms.
Mono: successfully reloaded assembly
- Completed reload, in  0.821 seconds
Domain Reload Profiling:
	ReloadAssembly (822ms)
		BeginReloadAssembly (75ms)
			ExecutionOrderSort (0ms)
			DisableScriptedObjects (0ms)
			BackupInstance (0ms)
			ReleaseScriptingObjects (0ms)
			CreateAndSetChildDomain (1ms)
		EndReloadAssembly (614ms)
			LoadAssemblies (74ms)
			RebuildTransferFunctionScriptingTraits (0ms)
			SetupTypeCache (143ms)
			ReleaseScriptCaches (0ms)
			RebuildScriptCaches (30ms)
			SetupLoadedEditorAssemblies (382ms)
				LogAssemblyErrors (0ms)
				InitializePlatformSupportModulesInManaged (72ms)
				SetLoadedEditorAssemblies (0ms)
				RefreshPlugins (155ms)
				BeforeProcessingInitializeOnLoad (1ms)
				ProcessInitializeOnLoadAttributes (105ms)
				ProcessInitializeOnLoadMethodAttributes (49ms)
				AfterProcessingInitializeOnLoad (0ms)
				EditorAssembliesLoaded (0ms)
			ExecutionOrderSort2 (0ms)
			AwakeInstancesAfterBackupRestoration (0ms)
Platform modules already initialized, skipping
Registering precompiled user dll's ...
Registered in 0.008936 seconds.
Begin MonoManager ReloadAssembly
Symbol file LoadedFromMemory doesn't match image C:\Users\aristo\Desktop\UnityGames\water-game-repo\Runner\Library\PackageCache\com.unity.visualscripting@1.7.8\Editor\VisualScripting.Core\Dependencies\DotNetZip\Unity.VisualScripting.IonicZip.dll
Symbol file LoadedFromMemory doesn't match image C:\Users\aristo\Desktop\UnityGames\water-game-repo\Runner\Library\PackageCache\com.unity.visualscripting@1.7.8\Editor\VisualScripting.Core\Dependencies\YamlDotNet\Unity.VisualScripting.YamlDotNet.dll
Native extension for WindowsStandalone target not found
Native extension for iOS target not found
Native extension for Android target not found
Native extension for WebGL target not found
Refreshing native plugins compatible for Editor in 130.26 ms, found 3 plugins.
Preloading 0 native plugins for Editor in 0.00 ms.
Mono: successfully reloaded assembly
- Completed reload, in  1.480 seconds
Domain Reload Profiling:
	ReloadAssembly (1480ms)
		BeginReloadAssembly (229ms)
			ExecutionOrderSort (0ms)
			DisableScriptedObjects (6ms)
			BackupInstance (0ms)
			ReleaseScriptingObjects (0ms)
			CreateAndSetChildDomain (130ms)
		EndReloadAssembly (1131ms)
			LoadAssemblies (96ms)
			RebuildTransferFunctionScriptingTraits (0ms)
			SetupTypeCache (286ms)
			ReleaseScriptCaches (1ms)
			RebuildScriptCaches (67ms)
			SetupLoadedEditorAssemblies (635ms)
				LogAssemblyErrors (0ms)
				InitializePlatformSupportModulesInManaged (22ms)
				SetLoadedEditorAssemblies (0ms)
				RefreshPlugins (130ms)
				BeforeProcessingInitializeOnLoad (118ms)
				ProcessInitializeOnLoadAttributes (285ms)
				ProcessInitializeOnLoadMethodAttributes (72ms)
				AfterProcessingInitializeOnLoad (8ms)
				EditorAssembliesLoaded (0ms)
			ExecutionOrderSort2 (0ms)
			AwakeInstancesAfterBackupRestoration (5ms)
Platform modules already initialized, skipping
========================================================================
Worker process is ready to serve import requests
Launched and connected shader compiler UnityShaderCompiler.exe after 0.04 seconds
Refreshing native plugins compatible for Editor in 1.06 ms, found 3 plugins.
Preloading 0 native plugins for Editor in 0.00 ms.
Unloading 5806 Unused Serialized files (Serialized files now loaded: 0)
Unloading 67 unused Assets / (0.8 MB). Loaded Objects now: 6233.
Memory consumption went from 226.4 MB to 225.6 MB.
Total: 4.439500 ms (FindLiveObjects: 0.422400 ms CreateObjectMapping: 0.587400 ms MarkObjects: 3.055800 ms  DeleteObjects: 0.372500 ms)

AssetImportParameters requested are different than current active one (requested -> active):
  custom:video-decoder-ogg-theora: a1e56fd34408186e4bbccfd4996cb3dc -> 
  custom:container-muxer-webm: aa71ff27fc2769a1b78a27578f13a17b -> 
  custom:container-demuxer-webm: 4f35f7cbe854078d1ac9338744f61a02 -> 
  custom:video-encoder-webm-vp8: eb34c28f22e8b96e1ab97ce403110664 -> 
  custom:audio-encoder-webm-vorbis: bf7c407c2cedff20999df2af8eb42d56 -> 
  custom:framework-win-MediaFoundation: 216162199b28c13a410421893ffa2e32 -> 
  custom:container-demuxer-ogg: 62fdf1f143b41e24485cea50d1cbac27 -> 
  custom:video-decoder-webm-vp8: 9c59270c3fd7afecdb556c50c9e8de78 -> 
  custom:audio-decoder-ogg-vorbis: bf7c407c2cedff20999df2af8eb42d56 -> 
========================================================================
Received Import Request.
  Time since last request: 462390.565152 seconds.
  path: Assets/Runner/Environment/Materials/GateRed.mat
  artifactKey: Guid(225ea0b31d7d44c949599f1637525837) Importer(815301076,1909f56bfc062723c751e8b465ee728b)
Start importing Assets/Runner/Environment/Materials/GateRed.mat using Guid(225ea0b31d7d44c949599f1637525837) Importer(815301076,1909f56bfc062723c751e8b465ee728b)  -> (artifact id: '2f7321c250bb6736211567ad0cc331cb') in 0.251005 seconds 
========================================================================
Received Import Request.
  Time since last request: 80.968577 seconds.
  path: Assets/MyAssets/Materails/New Material.mat
  artifactKey: Guid(e5ddaf1f2a58de74f972a401620f7694) Importer(815301076,1909f56bfc062723c751e8b465ee728b)
Start importing Assets/MyAssets/Materails/New Material.mat using Guid(e5ddaf1f2a58de74f972a401620f7694) Importer(815301076,1909f56bfc062723c751e8b465ee728b)  -> (artifact id: '771e0f68ab857e10e5784669ad76bb6b') in 0.022598 seconds 
========================================================================
Received Import Request.
  Time since last request: 0.000023 seconds.
  path: Assets/MyAssets/Prefabs/used-stainless-steel2-unity/New Material 1.mat
  artifactKey: Guid(a5fd568f6bd5fc54cb3204b63197203a) Importer(815301076,1909f56bfc062723c751e8b465ee728b)
Start importing Assets/MyAssets/Prefabs/used-stainless-steel2-unity/New Material 1.mat using Guid(a5fd568f6bd5fc54cb3204b63197203a) Importer(815301076,1909f56bfc062723c751e8b465ee728b)  -> (artifact id: '872550bc638cb3b4367e33ff8b3d3f59') in 0.022734 seconds 
========================================================================
Received Import Request.
  Time since last request: 960.033804 seconds.
  path: Assets/Editor/Tutorials/AdsSetup/5-Description.asset
  artifactKey: Guid(1276aa3ee6d8144849d44563819142a7) Importer(815301076,1909f56bfc062723c751e8b465ee728b)
Start importing Assets/Editor/Tutorials/AdsSetup/5-Description.asset using Guid(1276aa3ee6d8144849d44563819142a7) Importer(815301076,1909f56bfc062723c751e8b465ee728b)  -> (artifact id: '427954a5d8117e2ef63c99c29decef98') in 0.036590 seconds 
========================================================================
Received Import Request.
  Time since last request: 0.000032 seconds.
  path: Assets/Plugins/VarietyParticles/Prefabs/Underwater/BubblesExplosionCloudUnderwater.prefab
  artifactKey: Guid(13115409a684e6049ae88ae3c2ad00fa) Importer(815301076,1909f56bfc062723c751e8b465ee728b)
Start importing Assets/Plugins/VarietyParticles/Prefabs/Underwater/BubblesExplosionCloudUnderwater.prefab using Guid(13115409a684e6049ae88ae3c2ad00fa) Importer(815301076,1909f56bfc062723c751e8b465ee728b)  -> (artifact id: 'fda1aa135ef096d0516eab64db143306') in 0.085250 seconds 
========================================================================
Received Import Request.
  Time since last request: 0.000027 seconds.
  path: Assets/Plugins/VarietyParticles/Demo/Prefabs/CanvasSceneSelect.prefab
  artifactKey: Guid(ef9ed1b79df4370459beb69434c0e6ef) Importer(815301076,1909f56bfc062723c751e8b465ee728b)
Start importing Assets/Plugins/VarietyParticles/Demo/Prefabs/CanvasSceneSelect.prefab using Guid(ef9ed1b79df4370459beb69434c0e6ef) Importer(815301076,1909f56bfc062723c751e8b465ee728b)  -> (artifact id: '0e1475fb0e3374aa8addbf740789c050') in 0.018279 seconds 
========================================================================
Received Import Request.
  Time since last request: 0.000041 seconds.
  path: Assets/Plugins/VarietyParticles/Materials/Water/BubbleSurface.mat
  artifactKey: Guid(f8c36dea73766284ca6a4cf120483ea7) Importer(815301076,1909f56bfc062723c751e8b465ee728b)
Start importing Assets/Plugins/VarietyParticles/Materials/Water/BubbleSurface.mat using Guid(f8c36dea73766284ca6a4cf120483ea7) Importer(815301076,1909f56bfc062723c751e8b465ee728b)  -> (artifact id: '0358794f11b29cb993a899be36c7706b') in 0.026851 seconds 
========================================================================
Received Import Request.
  Time since last request: 0.000046 seconds.
  path: Assets/Plugins/VarietyParticles/Prefabs/Aurora/Aurora3DCurly.prefab
  artifactKey: Guid(9dba73926cf169047a9487057fbdd57a) Importer(815301076,1909f56bfc062723c751e8b465ee728b)
Start importing Assets/Plugins/VarietyParticles/Prefabs/Aurora/Aurora3DCurly.prefab using Guid(9dba73926cf169047a9487057fbdd57a) Importer(815301076,1909f56bfc062723c751e8b465ee728b)  -> (artifact id: 'ee4e8c6a624929f3552184bbcdb7afab') in 0.105923 seconds 
========================================================================
Received Import Request.
  Time since last request: 0.000050 seconds.
  path: Assets/MyAssets/Prefabs/bucketmain.obj
  artifactKey: Guid(93a47a15c608def4f815f9e61e28552e) Importer(815301076,1909f56bfc062723c751e8b465ee728b)
Start importing Assets/MyAssets/Prefabs/bucketmain.obj using Guid(93a47a15c608def4f815f9e61e28552e) Importer(815301076,1909f56bfc062723c751e8b465ee728b)  -> (artifact id: 'ab212c70177c1725353efde202b7a765') in 0.578763 seconds 
========================================================================
Received Import Request.
  Time since last request: 0.000034 seconds.
  path: Assets/Plugins/VarietyParticles/Prefabs/Water/Looping/BubblesSurfaceBoiling02.prefab
  artifactKey: Guid(392589fa022842143bcca03e982d868a) Importer(815301076,1909f56bfc062723c751e8b465ee728b)
Start importing Assets/Plugins/VarietyParticles/Prefabs/Water/Looping/BubblesSurfaceBoiling02.prefab using Guid(392589fa022842143bcca03e982d868a) Importer(815301076,1909f56bfc062723c751e8b465ee728b)  -> (artifact id: '0efa78401d3c5f5bd327c027df06e194') in 0.014965 seconds 
========================================================================
Received Import Request.
  Time since last request: 0.000042 seconds.
  path: Assets/MyAssets/Materails/acidVisual.mat
  artifactKey: Guid(868e6e3d17aede649aca4e61d8296183) Importer(815301076,1909f56bfc062723c751e8b465ee728b)
Start importing Assets/MyAssets/Materails/acidVisual.mat using Guid(868e6e3d17aede649aca4e61d8296183) Importer(815301076,1909f56bfc062723c751e8b465ee728b)  -> (artifact id: '374580c0bc08052629e43a72178099eb') in 0.484759 seconds 
Editor requested this worker to shutdown with reason: Scaling down because of idle timeout
AssetImportWorker is now disconnected from the server
Process exiting
Exiting without the bug reporter. Application will terminate with return code 0