Using pre-set license
Built from '2021.3/evg/staging/82bb020e-b03b1330/draft-0' branch; Version is '2021.3.16f1 (4016570cf34f) revision 4200023'; Using compiler version '192829333'; Build Type 'Release'
OS: 'Windows 11  (10.0.22621) 64bit Professional' Language: 'tr' Physical Memory: 16330 MB
BatchMode: 1, IsHumanControllingUs: 0, StartBugReporterOnCrash: 0, Is64bit: 1, IsPro: 1

COMMAND LINE ARGUMENTS:
C:\Program Files\Unity\Hub\Editor\2021.3.16f1\Editor\Unity.exe
-adb2
-batchMode
-noUpm
-name
AssetImportWorker5
-projectPath
C:/UnityProjects/water-game-repo/Runner
-logFile
Logs/AssetImportWorker5.log
-srvPort
60278
Successfully changed project path to: C:/UnityProjects/water-game-repo/Runner
C:/UnityProjects/water-game-repo/Runner
[UnityMemory] Configuration Parameters - Can be set up in boot.config
    "memorysetup-bucket-allocator-granularity=16"
    "memorysetup-bucket-allocator-bucket-count=8"
    "memorysetup-bucket-allocator-block-size=33554432"
    "memorysetup-bucket-allocator-block-count=8"
    "memorysetup-main-allocator-block-size=16777216"
    "memorysetup-thread-allocator-block-size=16777216"
    "memorysetup-gfx-main-allocator-block-size=16777216"
    "memorysetup-gfx-thread-allocator-block-size=16777216"
    "memorysetup-cache-allocator-block-size=4194304"
    "memorysetup-typetree-allocator-block-size=2097152"
    "memorysetup-profiler-bucket-allocator-granularity=16"
    "memorysetup-profiler-bucket-allocator-bucket-count=8"
    "memorysetup-profiler-bucket-allocator-block-size=33554432"
    "memorysetup-profiler-bucket-allocator-block-count=8"
    "memorysetup-profiler-allocator-block-size=16777216"
    "memorysetup-profiler-editor-allocator-block-size=1048576"
    "memorysetup-temp-allocator-size-main=16777216"
    "memorysetup-job-temp-allocator-block-size=2097152"
    "memorysetup-job-temp-allocator-block-size-background=1048576"
    "memorysetup-job-temp-allocator-reduction-small-platforms=262144"
    "memorysetup-temp-allocator-size-background-worker=32768"
    "memorysetup-temp-allocator-size-job-worker=262144"
    "memorysetup-temp-allocator-size-preload-manager=33554432"
    "memorysetup-temp-allocator-size-nav-mesh-worker=65536"
    "memorysetup-temp-allocator-size-audio-worker=65536"
    "memorysetup-temp-allocator-size-cloud-worker=32768"
    "memorysetup-temp-allocator-size-gi-baking-worker=262144"
    "memorysetup-temp-allocator-size-gfx=262144"
Player connection [31752] Host "[IP] 192.168.1.101 [Port] 0 [Flags] 2 [Guid] 3073570016 [EditorId] 3073570016 [Version] 1048832 [Id] WindowsEditor(7,Av) [Debug] 1 [PackageName] WindowsEditor [ProjectName] Editor" joined multi-casting on [225.0.0.222:54997]...

Player connection [31752] Host "[IP] 192.168.1.101 [Port] 0 [Flags] 2 [Guid] 3073570016 [EditorId] 3073570016 [Version] 1048832 [Id] WindowsEditor(7,Av) [Debug] 1 [PackageName] WindowsEditor [ProjectName] Editor" joined alternative multi-casting on [225.0.0.222:34997]...

Refreshing native plugins compatible for Editor in 119.58 ms, found 3 plugins.
Preloading 0 native plugins for Editor in 0.00 ms.
Initialize engine version: 2021.3.16f1 (4016570cf34f)
[Subsystems] Discovering subsystems at path C:/Program Files/Unity/Hub/Editor/2021.3.16f1/Editor/Data/Resources/UnitySubsystems
[Subsystems] Discovering subsystems at path C:/UnityProjects/water-game-repo/Runner/Assets
GfxDevice: creating device client; threaded=0; jobified=0
Direct3D:
    Version:  Direct3D 11.0 [level 11.1]
    Renderer: NVIDIA GeForce RTX 3060 Ti (ID=0x2489)
    Vendor:   NVIDIA
    VRAM:     8038 MB
    Driver:   31.0.15.3598
Initialize mono
Mono path[0] = 'C:/Program Files/Unity/Hub/Editor/2021.3.16f1/Editor/Data/Managed'
Mono path[1] = 'C:/Program Files/Unity/Hub/Editor/2021.3.16f1/Editor/Data/MonoBleedingEdge/lib/mono/unityjit-win32'
Mono config path = 'C:/Program Files/Unity/Hub/Editor/2021.3.16f1/Editor/Data/MonoBleedingEdge/etc'
Using monoOptions --debugger-agent=transport=dt_socket,embedding=1,server=y,suspend=n,address=127.0.0.1:56548
Begin MonoManager ReloadAssembly
Registering precompiled unity dll's ...
Register platform support module: C:/Program Files/Unity/Hub/Editor/2021.3.16f1/Editor/Data/PlaybackEngines/AndroidPlayer/UnityEditor.Android.Extensions.dll
Register platform support module: C:/Program Files/Unity/Hub/Editor/2021.3.16f1/Editor/Data/PlaybackEngines/WindowsStandaloneSupport/UnityEditor.WindowsStandalone.Extensions.dll
Registered in 0.003931 seconds.
Native extension for WindowsStandalone target not found
Native extension for Android target not found
Refreshing native plugins compatible for Editor in 108.01 ms, found 3 plugins.
Preloading 0 native plugins for Editor in 0.00 ms.
Mono: successfully reloaded assembly
- Completed reload, in  0.503 seconds
Domain Reload Profiling:
	ReloadAssembly (503ms)
		BeginReloadAssembly (55ms)
			ExecutionOrderSort (0ms)
			DisableScriptedObjects (0ms)
			BackupInstance (0ms)
			ReleaseScriptingObjects (0ms)
			CreateAndSetChildDomain (1ms)
		EndReloadAssembly (373ms)
			LoadAssemblies (53ms)
			RebuildTransferFunctionScriptingTraits (0ms)
			SetupTypeCache (74ms)
			ReleaseScriptCaches (0ms)
			RebuildScriptCaches (17ms)
			SetupLoadedEditorAssemblies (246ms)
				LogAssemblyErrors (0ms)
				InitializePlatformSupportModulesInManaged (38ms)
				SetLoadedEditorAssemblies (0ms)
				RefreshPlugins (108ms)
				BeforeProcessingInitializeOnLoad (1ms)
				ProcessInitializeOnLoadAttributes (67ms)
				ProcessInitializeOnLoadMethodAttributes (31ms)
				AfterProcessingInitializeOnLoad (0ms)
				EditorAssembliesLoaded (0ms)
			ExecutionOrderSort2 (0ms)
			AwakeInstancesAfterBackupRestoration (0ms)
Platform modules already initialized, skipping
Registering precompiled user dll's ...
Registered in 0.004806 seconds.
Begin MonoManager ReloadAssembly
Symbol file LoadedFromMemory doesn't match image C:\UnityProjects\water-game-repo\Runner\Library\PackageCache\com.unity.visualscripting@1.7.8\Editor\VisualScripting.Core\Dependencies\DotNetZip\Unity.VisualScripting.IonicZip.dll
Symbol file LoadedFromMemory doesn't match image C:\UnityProjects\water-game-repo\Runner\Library\PackageCache\com.unity.visualscripting@1.7.8\Editor\VisualScripting.Core\Dependencies\YamlDotNet\Unity.VisualScripting.YamlDotNet.dll
Native extension for WindowsStandalone target not found
Native extension for Android target not found
Refreshing native plugins compatible for Editor in 106.87 ms, found 3 plugins.
Preloading 0 native plugins for Editor in 0.00 ms.
Mono: successfully reloaded assembly
- Completed reload, in  1.092 seconds
Domain Reload Profiling:
	ReloadAssembly (1093ms)
		BeginReloadAssembly (181ms)
			ExecutionOrderSort (0ms)
			DisableScriptedObjects (4ms)
			BackupInstance (0ms)
			ReleaseScriptingObjects (0ms)
			CreateAndSetChildDomain (122ms)
		EndReloadAssembly (831ms)
			LoadAssemblies (60ms)
			RebuildTransferFunctionScriptingTraits (0ms)
			SetupTypeCache (193ms)
			ReleaseScriptCaches (1ms)
			RebuildScriptCaches (45ms)
			SetupLoadedEditorAssemblies (500ms)
				LogAssemblyErrors (0ms)
				InitializePlatformSupportModulesInManaged (11ms)
				SetLoadedEditorAssemblies (0ms)
				RefreshPlugins (107ms)
				BeforeProcessingInitializeOnLoad (83ms)
				ProcessInitializeOnLoadAttributes (239ms)
				ProcessInitializeOnLoadMethodAttributes (56ms)
				AfterProcessingInitializeOnLoad (5ms)
				EditorAssembliesLoaded (0ms)
			ExecutionOrderSort2 (0ms)
			AwakeInstancesAfterBackupRestoration (4ms)
Platform modules already initialized, skipping
========================================================================
Worker process is ready to serve import requests
Launched and connected shader compiler UnityShaderCompiler.exe after 0.03 seconds
Refreshing native plugins compatible for Editor in 2.22 ms, found 3 plugins.
Preloading 0 native plugins for Editor in 0.00 ms.
Unloading 5839 Unused Serialized files (Serialized files now loaded: 0)
Unloading 60 unused Assets / (466.2 KB). Loaded Objects now: 6272.
Memory consumption went from 228.7 MB to 228.3 MB.
Total: 3.414500 ms (FindLiveObjects: 0.400200 ms CreateObjectMapping: 0.143500 ms MarkObjects: 2.634400 ms  DeleteObjects: 0.235600 ms)

AssetImportParameters requested are different than current active one (requested -> active):
  custom:video-decoder-ogg-theora: a1e56fd34408186e4bbccfd4996cb3dc -> 
  custom:container-muxer-webm: aa71ff27fc2769a1b78a27578f13a17b -> 
  custom:container-demuxer-webm: 4f35f7cbe854078d1ac9338744f61a02 -> 
  custom:video-encoder-webm-vp8: eb34c28f22e8b96e1ab97ce403110664 -> 
  custom:video-codec-MediaFoundation-h265: 746d11721c4dcdbdad8f713fa42b33f4 -> 
  custom:audio-encoder-webm-vorbis: bf7c407c2cedff20999df2af8eb42d56 -> 
  custom:framework-win-MediaFoundation: 216162199b28c13a410421893ffa2e32 -> 
  custom:container-demuxer-ogg: 62fdf1f143b41e24485cea50d1cbac27 -> 
  custom:video-decoder-webm-vp8: 9c59270c3fd7afecdb556c50c9e8de78 -> 
  custom:audio-decoder-ogg-vorbis: bf7c407c2cedff20999df2af8eb42d56 -> 
========================================================================
Received Import Request.
  Time since last request: 472640.434423 seconds.
  path: Assets/Plugins/JMO Assets/Cartoon FX (legacy)/Materials/Water/CFX3_IceSmoke Intense ADD.mat
  artifactKey: Guid(a1b51a897f8d66c4f89b7b2782a1e43e) Importer(815301076,1909f56bfc062723c751e8b465ee728b)
Start importing Assets/Plugins/JMO Assets/Cartoon FX (legacy)/Materials/Water/CFX3_IceSmoke Intense ADD.mat using Guid(a1b51a897f8d66c4f89b7b2782a1e43e) Importer(815301076,1909f56bfc062723c751e8b465ee728b)  -> (artifact id: 'c1ca905c86acdc4fdc6b74695fddb781') in 0.185529 seconds 
========================================================================
Received Import Request.
  Time since last request: 9.483548 seconds.
  path: Assets/Plugins/JMO Assets/Cartoon FX (legacy)/CFX3 Prefabs/Fire/Color Variants/CFX3_Flying_Ember_Disrupted_Upward (Purple).prefab
  artifactKey: Guid(eb463f761a10ec24b85bed3eaf49cbba) Importer(815301076,1909f56bfc062723c751e8b465ee728b)
Start importing Assets/Plugins/JMO Assets/Cartoon FX (legacy)/CFX3 Prefabs/Fire/Color Variants/CFX3_Flying_Ember_Disrupted_Upward (Purple).prefab using Guid(eb463f761a10ec24b85bed3eaf49cbba) Importer(815301076,1909f56bfc062723c751e8b465ee728b)  -> (artifact id: '756ebae6f05d1696e5e9277e5ed48273') in 0.021478 seconds 
========================================================================
Received Import Request.
  Time since last request: 0.000019 seconds.
  path: Assets/Plugins/JMO Assets/Cartoon FX (legacy)/CFX3 Prefabs/Environment/Variants/CFX3_SmokeColumn_Wind_Blue (Prewarm).prefab
  artifactKey: Guid(e8e982134060a8b4baf8794b0108110e) Importer(815301076,1909f56bfc062723c751e8b465ee728b)
Start importing Assets/Plugins/JMO Assets/Cartoon FX (legacy)/CFX3 Prefabs/Environment/Variants/CFX3_SmokeColumn_Wind_Blue (Prewarm).prefab using Guid(e8e982134060a8b4baf8794b0108110e) Importer(815301076,1909f56bfc062723c751e8b465ee728b)  -> (artifact id: 'f29aa7090caccb59e6f0b0e5ac954ff5') in 0.029090 seconds 
========================================================================
Received Import Request.
  Time since last request: 0.000022 seconds.
  path: Assets/Plugins/JMO Assets/Cartoon FX (legacy)/CFX3 Prefabs/Magic Misc/CFX3_Vortex_Ground_Outward.prefab
  artifactKey: Guid(d3939e07a8119f64691b3f6142d15cbc) Importer(815301076,1909f56bfc062723c751e8b465ee728b)
Start importing Assets/Plugins/JMO Assets/Cartoon FX (legacy)/CFX3 Prefabs/Magic Misc/CFX3_Vortex_Ground_Outward.prefab using Guid(d3939e07a8119f64691b3f6142d15cbc) Importer(815301076,1909f56bfc062723c751e8b465ee728b)  -> (artifact id: '1198317f5235a1585568b7f2a7516641') in 0.029178 seconds 
========================================================================
Received Import Request.
  Time since last request: 0.000039 seconds.
  path: Assets/Plugins/JMO Assets/Cartoon FX (legacy)/CFX3 Prefabs (Mobile)/Environment/Variants/CFXM3_SmokeColumn_Wind_White (Prewarm).prefab
  artifactKey: Guid(92710111561f26b46a778b15f8435c0a) Importer(815301076,1909f56bfc062723c751e8b465ee728b)
Start importing Assets/Plugins/JMO Assets/Cartoon FX (legacy)/CFX3 Prefabs (Mobile)/Environment/Variants/CFXM3_SmokeColumn_Wind_White (Prewarm).prefab using Guid(92710111561f26b46a778b15f8435c0a) Importer(815301076,1909f56bfc062723c751e8b465ee728b)  -> (artifact id: 'df9690189bf12ec035f6535964229716') in 0.007202 seconds 
========================================================================
Received Import Request.
  Time since last request: 0.000021 seconds.
  path: Assets/Plugins/JMO Assets/Cartoon FX (legacy)/CFX3 Prefabs/Light/Variants/CFX3_SkyRaysSkewed_Loop (Prewarm).prefab
  artifactKey: Guid(a96e4f59adecc654eb22037a47440e3a) Importer(815301076,1909f56bfc062723c751e8b465ee728b)
Start importing Assets/Plugins/JMO Assets/Cartoon FX (legacy)/CFX3 Prefabs/Light/Variants/CFX3_SkyRaysSkewed_Loop (Prewarm).prefab using Guid(a96e4f59adecc654eb22037a47440e3a) Importer(815301076,1909f56bfc062723c751e8b465ee728b)  -> (artifact id: '7dd060b378c2af5e58c3efd1ca84b3c0') in 0.007032 seconds 
========================================================================
Received Import Request.
  Time since last request: 0.000018 seconds.
  path: Assets/Plugins/JMO Assets/Cartoon FX Remaster/CFXR Assets/Misc/cfxr font WashYourHand.png
  artifactKey: Guid(09e4c6a7d75923945afe43953ef58ad2) Importer(815301076,1909f56bfc062723c751e8b465ee728b)
Start importing Assets/Plugins/JMO Assets/Cartoon FX Remaster/CFXR Assets/Misc/cfxr font WashYourHand.png using Guid(09e4c6a7d75923945afe43953ef58ad2) Importer(815301076,1909f56bfc062723c751e8b465ee728b)  -> (artifact id: 'd665efa8a1d12e8dc4f2e54667967371') in 0.132379 seconds 
========================================================================
Received Import Request.
  Time since last request: 0.000021 seconds.
  path: Assets/Plugins/JMO Assets/Cartoon FX (legacy)/CFX3 Prefabs/Environment/Variants/CFX3_SmokeColumn_Blue (Prewarm).prefab
  artifactKey: Guid(6d087041d672f094eac50536991fd884) Importer(815301076,1909f56bfc062723c751e8b465ee728b)
Start importing Assets/Plugins/JMO Assets/Cartoon FX (legacy)/CFX3 Prefabs/Environment/Variants/CFX3_SmokeColumn_Blue (Prewarm).prefab using Guid(6d087041d672f094eac50536991fd884) Importer(815301076,1909f56bfc062723c751e8b465ee728b)  -> (artifact id: '4b2d2c475023c0a825b48fad9a97e6bb') in 0.006413 seconds 
========================================================================
Received Import Request.
  Time since last request: 3.045796 seconds.
  path: Assets/Plugins/JMO Assets/Cartoon FX (legacy)/Materials (Mobile)/Water/CFXM3_IceSmoke Intense ADD.mat
  artifactKey: Guid(dbc0726520a1c2a4ea1190e959325a4b) Importer(815301076,1909f56bfc062723c751e8b465ee728b)
Start importing Assets/Plugins/JMO Assets/Cartoon FX (legacy)/Materials (Mobile)/Water/CFXM3_IceSmoke Intense ADD.mat using Guid(dbc0726520a1c2a4ea1190e959325a4b) Importer(815301076,1909f56bfc062723c751e8b465ee728b)  -> (artifact id: '63427ea886ecf440c40c5d13ee881ade') in 0.018588 seconds 
========================================================================
Received Import Request.
  Time since last request: 4.107153 seconds.
  path: Assets/Editor/Tutorials/LevelEditor/15-AddObstacle.asset
  artifactKey: Guid(43e8a9a0c07e37b4b852c898f5b123b7) Importer(815301076,1909f56bfc062723c751e8b465ee728b)
Start importing Assets/Editor/Tutorials/LevelEditor/15-AddObstacle.asset using Guid(43e8a9a0c07e37b4b852c898f5b123b7) Importer(815301076,1909f56bfc062723c751e8b465ee728b)  -> (artifact id: 'c6da19126ee77242bb6b5b2d8dbdbf86') in 0.196879 seconds 
========================================================================
Received Import Request.
  Time since last request: 0.000028 seconds.
  path: Assets/Plugins/JMO Assets/Cartoon FX (legacy)/CFX3 Prefabs/Environment/CFX3_Snow_Storm.prefab
  artifactKey: Guid(b0979d8072189df42b5a1dc1ff7e89dc) Importer(815301076,1909f56bfc062723c751e8b465ee728b)
Start importing Assets/Plugins/JMO Assets/Cartoon FX (legacy)/CFX3 Prefabs/Environment/CFX3_Snow_Storm.prefab using Guid(b0979d8072189df42b5a1dc1ff7e89dc) Importer(815301076,1909f56bfc062723c751e8b465ee728b)  -> (artifact id: 'ac45de831a61fded40c1edceac3b5769') in 0.011960 seconds 
========================================================================
Received Import Request.
  Time since last request: 0.000028 seconds.
  path: Assets/Editor/Tutorials/CreateLevel/65-Test.asset
  artifactKey: Guid(3b74cdfc4e2ed9a4a9157e9d0ca6ff14) Importer(815301076,1909f56bfc062723c751e8b465ee728b)
Start importing Assets/Editor/Tutorials/CreateLevel/65-Test.asset using Guid(3b74cdfc4e2ed9a4a9157e9d0ca6ff14) Importer(815301076,1909f56bfc062723c751e8b465ee728b)  -> (artifact id: '87a4dc3d3395d4b1e1db21e42812c797') in 0.002594 seconds 
========================================================================
Received Import Request.
  Time since last request: 0.000023 seconds.
  path: Assets/Plugins/JMO Assets/Cartoon FX (legacy)/Textures (Mobile)/CFXM3_T_RayStraight.png
  artifactKey: Guid(c80c8de1aefaa5649a5dfe81c9d2e61f) Importer(815301076,1909f56bfc062723c751e8b465ee728b)
Start importing Assets/Plugins/JMO Assets/Cartoon FX (legacy)/Textures (Mobile)/CFXM3_T_RayStraight.png using Guid(c80c8de1aefaa5649a5dfe81c9d2e61f) Importer(815301076,1909f56bfc062723c751e8b465ee728b)  -> (artifact id: 'adb344b1a7c573c1dd7c46e430c63fa3') in 0.009592 seconds 
========================================================================
Received Import Request.
  Time since last request: 0.000019 seconds.
  path: Assets/Plugins/JMO Assets/Cartoon FX (legacy)/Textures/CFX3_T_Star4.png
  artifactKey: Guid(1bfdf79f8999b784ba6a9eef9b1a9a23) Importer(815301076,1909f56bfc062723c751e8b465ee728b)
Start importing Assets/Plugins/JMO Assets/Cartoon FX (legacy)/Textures/CFX3_T_Star4.png using Guid(1bfdf79f8999b784ba6a9eef9b1a9a23) Importer(815301076,1909f56bfc062723c751e8b465ee728b)  -> (artifact id: '859d3532dc384b3c74984be4e00fe26f') in 0.009538 seconds 
========================================================================
Received Import Request.
  Time since last request: 0.000201 seconds.
  path: Assets/Plugins/JMO Assets/Cartoon FX Remaster/CFXR Assets/Graphics/cfxr screen distortion perlin.mat
  artifactKey: Guid(5291c8379d0117f47bf0a76d17512364) Importer(815301076,1909f56bfc062723c751e8b465ee728b)
Start importing Assets/Plugins/JMO Assets/Cartoon FX Remaster/CFXR Assets/Graphics/cfxr screen distortion perlin.mat using Guid(5291c8379d0117f47bf0a76d17512364) Importer(815301076,1909f56bfc062723c751e8b465ee728b)  -> (artifact id: '5133a5c07e7f6dfd27ae96719d35dced') in 0.038597 seconds 
========================================================================
Received Import Request.
  Time since last request: 0.000025 seconds.
  path: Assets/Plugins/JMO Assets/Cartoon FX (legacy)/Materials/Light/CFX3_GlowStar ADD.mat
  artifactKey: Guid(6b22999712355474795091cef25021b4) Importer(815301076,1909f56bfc062723c751e8b465ee728b)
Start importing Assets/Plugins/JMO Assets/Cartoon FX (legacy)/Materials/Light/CFX3_GlowStar ADD.mat using Guid(6b22999712355474795091cef25021b4) Importer(815301076,1909f56bfc062723c751e8b465ee728b)  -> (artifact id: '9b40628c860095085c9f917b9ca06a63') in 0.006628 seconds 
========================================================================
Received Import Request.
  Time since last request: 0.000022 seconds.
  path: Assets/Plugins/JMO Assets/Cartoon FX Remaster/CFXR Assets/Meshes/cfxr mesh star4.fbx
  artifactKey: Guid(a3e854b0e6a2a7d48ad61e15d33575de) Importer(815301076,1909f56bfc062723c751e8b465ee728b)
Start importing Assets/Plugins/JMO Assets/Cartoon FX Remaster/CFXR Assets/Meshes/cfxr mesh star4.fbx using Guid(a3e854b0e6a2a7d48ad61e15d33575de) Importer(815301076,1909f56bfc062723c751e8b465ee728b)  -> (artifact id: '3444e236b8ade54a14405fe44471ee55') in 0.039728 seconds 
Editor requested this worker to shutdown with reason: Scaling down because of idle timeout
AssetImportWorker is now disconnected from the server
Process exiting
Exiting without the bug reporter. Application will terminate with return code 0