
=== Fri Jun  2 14:53:41 2023

Packages were changed.
Update Mode: mergeDefaultDependencies

The following packages were added:
  com.unity.collab-proxy@1.17.7
  com.unity.visualscripting@1.7.8
The following packages were updated:
  com.unity.inputsystem from version 1.4.3 to 1.4.4
  com.unity.render-pipelines.universal from version 12.1.6 to 12.1.8

=== Thu Nov 30 17:15:46 2023

Packages were changed.
Update Mode: updateDependencies

The following packages were updated:
  com.unity.collab-proxy from version 1.17.7 to 2.0.5
  com.unity.ide.rider from version 3.0.16 to 3.0.24
  com.unity.ide.visualstudio from version 2.0.16 to 2.0.18
  com.unity.inputsystem from version 1.4.4 to 1.6.1
  com.unity.render-pipelines.universal from version 12.1.8 to 12.1.12
  com.unity.timeline from version 1.6.4 to 1.6.5
  com.unity.visualscripting from version 1.7.8 to 1.8.0
